<?xml version="1.0" encoding="utf-8"?><testsuites name="pytest tests"><testsuite name="pytest" errors="0" failures="5" skipped="0" tests="899" time="356.218" timestamp="2026-07-20T12:42:38.210226+08:00" hostname="LAPTOP-HJT1Q0N7"><testcase classname="tests.test_ai_circuit_breaker.TestCircuitBreakerOpens" name="test_default_config" time="0.001" /><testcase classname="tests.test_ai_circuit_breaker.TestCircuitBreakerOpens" name="test_opens_after_5_failures" time="0.002" /><testcase classname="tests.test_ai_circuit_breaker.TestCircuitBreakerOpens" name="test_success_resets_failure_count" time="0.002" /><testcase classname="tests.test_ai_circuit_breaker.TestCircuitBreakerRejects" name="test_open_state_raises_error" time="0.001" /><testcase classname="tests.test_ai_circuit_breaker.TestCircuitBreakerRejects" name="test_is_open_property" time="0.001" /><testcase classname="tests.test_ai_circuit_breaker.TestCircuitBreakerHalfOpen" name="test_half_open_after_recovery_timeout" time="1.103" /><testcase classname="tests.test_ai_circuit_breaker.TestCircuitBreakerHalfOpen" name="test_half_open_failure_reopens" time="1.103" /><testcase classname="tests.test_ai_circuit_breaker.TestTransientErrorClassification" name="test_timeout_is_transient" time="0.001" /><testcase classname="tests.test_ai_circuit_breaker.TestTransientErrorClassification" name="test_network_error_is_transient" time="0.001" /><testcase classname="tests.test_ai_circuit_breaker.TestTransientErrorClassification" name="test_retry_exhausted_is_transient" time="0.001" /><testcase classname="tests.test_ai_circuit_breaker.TestTransientErrorClassification" name="test_not_configured_is_not_transient" time="0.001" /><testcase classname="tests.test_ai_circuit_breaker.TestTransientErrorClassification" name="test_5xx_is_transient" time="0.001" /><testcase classname="tests.test_ai_circuit_breaker.TestTransientErrorClassification" name="test_4xx_is_not_transient" time="0.001" /><testcase classname="tests.test_ai_circuit_breaker.TestTransientErrorClassification" name="test_generic_exception_not_transient" time="0.001" /><testcase classname="tests.test_ai_circuit_breaker.TestBusinessExceptionNotCounted" name="test_not_configured_does_not_open_circuit" time="0.002" /><testcase classname="tests.test_ai_circuit_breaker.TestBusinessExceptionNotCounted" name="test_4xx_does_not_open_circuit" time="0.002" /><testcase classname="tests.test_ai_circuit_breaker.TestReset" name="test_reset_clears_state" time="0.001" /><testcase classname="tests.test_ai_quota.TestCheckQuotaNotExceeded" name="test_returns_used_count_when_under_quota" time="0.002" /><testcase classname="tests.test_ai_quota.TestCheckQuotaNotExceeded" name="test_zero_usage_returns_zero" time="0.002" /><testcase classname="tests.test_ai_quota.TestCheckQuotaNotExceeded" name="test_just_below_quota_passes" time="0.002" /><testcase classname="tests.test_ai_quota.TestCheckQuotaExceeded" name="test_raises_when_exceeded" time="0.002" /><testcase classname="tests.test_ai_quota.TestCheckQuotaExceeded" name="test_raises_when_far_exceeded" time="0.002" /><testcase classname="tests.test_ai_quota.TestCheckQuotaExceeded" name="test_quota_value_from_settings" time="0.002" /><testcase classname="tests.test_ai_quota.TestIncrQuota" name="test_incr_returns_new_count" time="0.002" /><testcase classname="tests.test_ai_quota.TestIncrQuota" name="test_incr_sets_ttl_on_first_call" time="0.002" /><testcase classname="tests.test_ai_quota.TestIncrQuota" name="test_incr_does_not_set_ttl_on_subsequent_calls" time="0.002" /><testcase classname="tests.test_ai_quota.TestIncrQuota" name="test_incr_failure_does_not_raise" time="0.002" /><testcase classname="tests.test_ai_quota.TestRedisUnavailable" name="test_no_redis_url_degrades_to_unlimited" time="0.001" /><testcase classname="tests.test_ai_quota.TestRedisUnavailable" name="test_check_quota_returns_none_when_redis_unavailable" time="0.001" /><testcase classname="tests.test_ai_quota.TestRedisUnavailable" name="test_incr_returns_none_when_redis_unavailable" time="0.001" /><testcase classname="tests.test_ai_quota.TestRedisUnavailable" name="test_check_quota_degrades_on_redis_error" time="0.002" /><testcase classname="tests.test_ai_quota.TestQuotaKeyIsolation" name="test_key_format" time="0.002" /><testcase classname="tests.test_ai_quota.TestQuotaKeyIsolation" name="test_different_users_have_different_keys" time="0.002" /><testcase classname="tests.test_ai_quota.TestQuotaKeyIsolation" name="test_different_dates_have_different_keys" time="0.002" /><testcase classname="tests.test_ai_quota.TestReset" name="test_reset_specific_user" time="0.002" /><testcase classname="tests.test_ai_quota.TestReset" name="test_reset_all_users" time="0.002" /><testcase classname="tests.test_ai_quota.TestReset" name="test_reset_no_redis_does_nothing" time="0.001" /><testcase classname="tests.test_api_ai.TestAuth" name="test_anonymous_decision_advice_fails" time="0.083" /><testcase classname="tests.test_api_ai.TestDegradation" name="test_no_llm_key_returns_503" time="0.475" /><testcase classname="tests.test_api_ai.TestDegradation" name="test_llm_timeout_returns_504" time="0.397" /><testcase classname="tests.test_api_ai.TestNormalCall" name="test_normal_call_with_mock_llm" time="0.399" /><testcase classname="tests.test_api_ai.TestNormalCall" name="test_markdown_codeblock_json_parsed" time="0.412" /><testcase classname="tests.test_api_ai.TestNormalCall" name="test_non_json_response_fallback_to_advice" time="0.402" /><testcase classname="tests.test_api_ai.TestContextAssembly" name="test_user_context_assembled" time="0.398" /><testcase classname="tests.test_api_ai.TestContextAssembly" name="test_market_context_assembled" time="0.401" /><testcase classname="tests.test_api_ai.TestContextAssembly" name="test_community_context_assembled" time="0.410" /><testcase classname="tests.test_api_ai.TestContextAssembly" name="test_context_priority_order" time="0.397" /><testcase classname="tests.test_api_ai.TestGrowthInsightAuth" name="test_anonymous_growth_insight_fails" time="0.043" /><testcase classname="tests.test_api_ai.TestGrowthInsightAuth" name="test_anonymous_latest_insight_fails" time="0.041" /><testcase classname="tests.test_api_ai.TestGrowthInsightDegradation" name="test_no_llm_key_returns_503" time="0.396" /><testcase classname="tests.test_api_ai.TestGrowthInsightDegradation" name="test_llm_timeout_returns_504" time="0.393" /><testcase classname="tests.test_api_ai.TestGrowthInsightNormalCall" name="test_success_with_mock_llm" time="0.413" /><testcase classname="tests.test_api_ai.TestGrowthInsightNormalCall" name="test_cache_hit_skips_llm_call" time="0.403" /><testcase classname="tests.test_api_ai.TestGrowthInsightNormalCall" name="test_cache_miss_on_event_count_change" time="0.414" /><testcase classname="tests.test_api_ai.TestGrowthInsightLatest" name="test_latest_returns_404_when_no_insight" time="0.399" /><testcase classname="tests.test_api_ai.TestGrowthInsightLatest" name="test_latest_returns_cached_insight" time="0.403" /><testcase classname="tests.test_api_comments.TestCommentCreate" name="test_create_comment_success" time="0.440" /><testcase classname="tests.test_api_comments.TestCommentCreate" name="test_create_comment_unauthorized" time="0.041" /><testcase classname="tests.test_api_comments.TestCommentCreate" name="test_create_comment_invalid_post" time="0.398" /><testcase classname="tests.test_api_comments.TestCommentList" name="test_list_comments_empty" time="0.405" /><testcase classname="tests.test_api_comments.TestCommentNotification" name="test_comment_triggers_notification_to_post_author" time="0.409" /><testcase classname="tests.test_api_comments.TestCommentLike" name="test_like_comment" time="0.409" /><testcase classname="tests.test_api_comments.TestCommentLike" name="test_like_comment_not_found" time="0.391" /><testcase classname="tests.test_api_community.TestCommunitySubmit" name="test_submit_report_success" time="0.394" /><testcase classname="tests.test_api_community.TestCommunitySubmit" name="test_submit_report_unauthorized" time="0.043" /><testcase classname="tests.test_api_community.TestCommunitySubmit" name="test_submit_report_invalid_data" time="0.391" /><testcase classname="tests.test_api_community.TestCommunityMyReports" name="test_list_my_reports" time="0.409" /><testcase classname="tests.test_api_community.TestCommunityMyReports" name="test_list_my_reports_unauthorized" time="0.041" /><testcase classname="tests.test_api_community.TestCommunityDelete" name="test_delete_report_success" time="0.400" /><testcase classname="tests.test_api_community.TestCommunityDelete" name="test_delete_report_not_found" time="0.388" /><testcase classname="tests.test_api_community.TestCommunityAggregate" name="test_aggregate_endpoint" time="0.047" /><testcase classname="tests.test_api_community.TestCommunityStats" name="test_stats_endpoint" time="0.045" /><testcase classname="tests.test_api_employment.TestEmploymentSearch" name="test_search_by_school_and_major" time="0.078" /><testcase classname="tests.test_api_employment.TestEmploymentSearch" name="test_search_with_year_filter" time="0.050" /><testcase classname="tests.test_api_employment.TestEmploymentSearch" name="test_search_trend" time="0.057" /><testcase classname="tests.test_api_employment.TestEmploymentSearch" name="test_search_excludes_unpublished" time="0.273" /><testcase classname="tests.test_api_employment.TestEmploymentSearch" name="test_search_no_result" time="0.049" /><testcase classname="tests.test_api_employment.TestEmploymentSchools" name="test_list_schools" time="0.049" /><testcase classname="tests.test_api_employment.TestEmploymentStats" name="test_stats" time="0.050" /><testcase classname="tests.test_api_employment.TestListSchoolsPerformance" name="test_list_schools_no_n_plus_1_query" time="0.046" /><testcase classname="tests.test_api_employment.TestListSchoolsPerformance" name="test_list_schools_aggregation_correctness" time="0.048" /><testcase classname="tests.test_api_employment.TestGetStatsPerformance" name="test_get_stats_uses_aggregate_not_full_load" time="0.049" /><testcase classname="tests.test_api_employment.TestGetStatsPerformance" name="test_get_stats_empty_db" time="0.037" /><testcase classname="tests.test_api_employment.TestGetStatsPerformance" name="test_get_stats_multi_school_correctness" time="0.044" /><testcase classname="tests.test_api_employment.TestEscapeLike" name="test_escape_like_percent" time="0.001" /><testcase classname="tests.test_api_employment.TestEscapeLike" name="test_escape_like_underscore" time="0.001" /><testcase classname="tests.test_api_employment.TestEscapeLike" name="test_escape_like_normal_string" time="0.001" /><testcase classname="tests.test_api_employment.TestEscapeLike" name="test_search_employment_escapes_percent" time="0.048" /><testcase classname="tests.test_api_employment.TestEscapeLike" name="test_search_employment_escapes_underscore" time="0.058" /><testcase classname="tests.test_api_employment.TestEscapeLike" name="test_list_majors_escapes_wildcard" time="0.043" /><testcase classname="tests.test_api_employment.TestResponseModel" name="test_all_endpoints_declare_response_model" time="0.001" /><testcase classname="tests.test_api_employment.TestSearchBodyLocation" name="test_search_body_defined_in_schemas" time="0.001" /><testcase classname="tests.test_api_employment.TestSearchBodyLocation" name="test_search_body_importable_from_schemas" time="0.001" /><testcase classname="tests.test_api_external_data.TestCompanies" name="test_list_companies_default" time="1.860" /><testcase classname="tests.test_api_external_data.TestCompanies" name="test_search_company_by_name" time="2.098" /><testcase classname="tests.test_api_external_data.TestCompanies" name="test_search_company_fuzzy" time="2.124" /><testcase classname="tests.test_api_external_data.TestCompanies" name="test_filter_by_industry" time="1.881" /><testcase classname="tests.test_api_external_data.TestCompanies" name="test_limit_parameter" time="2.092" /><testcase classname="tests.test_api_external_data.TestCompanies" name="test_no_auth_required" time="1.844" /><testcase classname="tests.test_api_external_data.TestCompanies" name="test_size_enum_serialized_as_string" time="2.122" /><testcase classname="tests.test_api_external_data.TestSalaryBenchmarks" name="test_list_salary_default" time="2.088" /><testcase classname="tests.test_api_external_data.TestSalaryBenchmarks" name="test_filter_by_company" time="1.847" /><testcase classname="tests.test_api_external_data.TestSalaryBenchmarks" name="test_filter_by_position" time="2.130" /><testcase classname="tests.test_api_external_data.TestSalaryBenchmarks" name="test_filter_by_city" time="1.891" /><testcase classname="tests.test_api_external_data.TestSalaryBenchmarks" name="test_combined_filter" time="2.139" /><testcase classname="tests.test_api_external_data.TestSalaryBenchmarks" name="test_experience_level_serialized" time="2.179" /><testcase classname="tests.test_api_external_data.TestSalaryBenchmarks" name="test_no_auth_required" time="1.893" /><testcase classname="tests.test_api_external_data.TestMarketData" name="test_list_market_data_default" time="2.123" /><testcase classname="tests.test_api_external_data.TestMarketData" name="test_filter_by_category" time="2.159" /><testcase classname="tests.test_api_external_data.TestMarketData" name="test_filter_by_year" time="2.232" /><testcase classname="tests.test_api_external_data.TestMarketData" name="test_filter_by_industry" time="2.400" /><testcase classname="tests.test_api_external_data.TestMarketData" name="test_no_auth_required" time="2.117" /><testcase classname="tests.test_api_external_data.TestSeedDataLoaded" name="test_companies_seed_loaded" time="3.427" /><testcase classname="tests.test_api_external_data.TestSeedDataLoaded" name="test_salary_benchmarks_seed_loaded" time="5.832" /><testcase classname="tests.test_api_external_data.TestSeedDataLoaded" name="test_market_data_seed_loaded" time="5.670" /><testcase classname="tests.test_api_external_data.TestSeedDataLoaded" name="test_seed_idempotent" time="14.397" /><testcase classname="tests.test_api_grad_intel.TestIntelCRUD" name="test_save_intel" time="0.738" /><testcase classname="tests.test_api_grad_intel.TestIntelCRUD" name="test_save_intel_requires_auth" time="0.116" /><testcase classname="tests.test_api_grad_intel.TestIntelCRUD" name="test_list_intel" time="0.645" /><testcase classname="tests.test_api_grad_intel.TestIntelCRUD" name="test_list_intel_empty" time="0.607" /><testcase classname="tests.test_api_grad_intel.TestIntelCRUD" name="test_delete_intel" time="0.640" /><testcase classname="tests.test_api_grad_intel.TestIntelCRUD" name="test_delete_intel_not_found" time="0.597" /><testcase classname="tests.test_api_grad_intel.TestIntelQuery" name="test_query_intel_with_mock_llm" time="0.597" /><testcase classname="tests.test_api_grad_intel.TestIntelQuery" name="test_query_intel_llm_failure_returns_503" time="0.666" /><testcase classname="tests.test_api_grad_intel.TestIntelQuery" name="test_query_intel_requires_auth" time="0.143" /><testcase classname="tests.test_api_grad_intel.TestPositioning" name="test_create_positioning" time="15.807" /><testcase classname="tests.test_api_grad_intel.TestPositioning" name="test_create_positioning_with_bypass_cache" time="17.152" /><testcase classname="tests.test_api_grad_intel.TestPositioning" name="test_get_latest_positioning" time="15.769" /><testcase classname="tests.test_api_grad_intel.TestPositioning" name="test_get_latest_positioning_empty" time="0.603" /><testcase classname="tests.test_api_grad_intel.TestPositioning" name="test_get_positioning_history" time="15.077" /><testcase classname="tests.test_api_grad_intel.TestPositioning" name="test_clear_positioning_cache" time="0.602" /><testcase classname="tests.test_api_grad_intel.TestPositioning" name="test_positioning_requires_auth" time="0.136" /><testcase classname="tests.test_api_grad_intel.TestDarkKnowledge" name="test_list_dark_knowledge" time="0.708" /><testcase classname="tests.test_api_grad_intel.TestDarkKnowledge" name="test_list_dark_knowledge_by_stage" time="0.627" /><testcase classname="tests.test_api_grad_intel.TestDarkKnowledge" name="test_dark_knowledge_stages" time="0.613" /><testcase classname="tests.test_api_grad_intel.TestDarkKnowledge" name="test_seed_dark_knowledge" time="0.606" /><testcase classname="tests.test_api_grad_intel.TestDarkKnowledge" name="test_seed_dark_knowledge_idempotent" time="0.621" /><testcase classname="tests.test_api_grad_intel.TestDarkKnowledge" name="test_seed_requires_auth" time="0.147" /><testcase classname="tests.test_api_grad_intel.TestPublicIntel" name="test_list_public_intel" time="0.591" /><testcase classname="tests.test_api_grad_intel.TestPublicIntel" name="test_list_public_intel_filter_school" time="0.604" /><testcase classname="tests.test_api_grad_intel.TestPublicIntel" name="test_list_public_intel_filter_tier" time="0.675" /><testcase classname="tests.test_api_grad_intel.TestYanzhaoPrograms" name="test_list_programs" time="0.147" /><testcase classname="tests.test_api_grad_intel.TestYanzhaoPrograms" name="test_list_programs_filter_university" time="0.151" /><testcase classname="tests.test_api_grad_intel.TestYanzhaoPrograms" name="test_list_programs_filter_year" time="0.160" /><testcase classname="tests.test_api_grad_intel.TestYanzhaoPrograms" name="test_programs_cache_hit" time="0.192" /><testcase classname="tests.test_api_grad_intel.TestScorelines" name="test_list_scorelines" time="0.145" /><testcase classname="tests.test_api_grad_intel.TestScorelines" name="test_list_scorelines_filter" time="0.153" /><testcase classname="tests.test_api_grad_intel.TestScorelines" name="test_scoreline_trend" time="0.143" /><testcase classname="tests.test_api_grad_intel.TestScorelines" name="test_scoreline_trend_empty" time="0.141" /><testcase classname="tests.test_api_grad_intel.TestAdjustments" name="test_list_adjustments" time="0.136" /><testcase classname="tests.test_api_grad_intel.TestAdjustments" name="test_list_adjustments_filter" time="0.149" /><testcase classname="tests.test_api_grad_intel.TestSchoolSummary" name="test_school_summary" time="0.159" /><testcase classname="tests.test_api_grad_intel.TestSchoolSummary" name="test_school_summary_empty" time="0.198" /><testcase classname="tests.test_api_grad_intel.TestMentors" name="test_list_mentors" time="0.157" /><testcase classname="tests.test_api_grad_intel.TestMentors" name="test_list_mentors_filter_university" time="0.159" /><testcase classname="tests.test_api_grad_intel.TestMentors" name="test_list_mentors_filter_rating" time="0.137" /><testcase classname="tests.test_api_grad_intel.TestMentors" name="test_mentor_detail" time="0.138" /><testcase classname="tests.test_api_grad_intel.TestMentors" name="test_mentor_detail_not_found" time="0.144" /><testcase classname="tests.test_api_grad_intel.TestMentors" name="test_mentor_reviews" time="0.592" /><testcase classname="tests.test_api_grad_intel.TestMentors" name="test_mentor_reviews_not_found" time="0.145" /><testcase classname="tests.test_api_grad_intel.TestEdgeCases" name="test_intel_save_minimal_fields" time="0.628" /><testcase classname="tests.test_api_grad_intel.TestEdgeCases" name="test_positioning_minimal_fields" time="17.402" /><testcase classname="tests.test_api_grad_intel.TestEdgeCases" name="test_dark_knowledge_no_auth_required" time="0.104" /><testcase classname="tests.test_api_grad_intel.TestEdgeCases" name="test_public_intel_no_auth_required" time="0.092" /><testcase classname="tests.test_api_grad_intel.TestEdgeCases" name="test_yanzhao_programs_no_auth_required" time="0.098" /><testcase classname="tests.test_api_grad_intel.TestEdgeCases" name="test_scorelines_no_auth_required" time="0.094" /><testcase classname="tests.test_api_grad_intel.TestEdgeCases" name="test_adjustments_no_auth_required" time="0.090" /><testcase classname="tests.test_api_grad_intel.TestEdgeCases" name="test_mentors_no_auth_required" time="0.092" /><testcase classname="tests.test_api_grad_intel.TestEdgeCases" name="test_scoreline_trend_no_auth_required" time="0.060" /><testcase classname="tests.test_api_grad_intel.TestEdgeCases" name="test_school_summary_no_auth_required" time="0.064" /><testcase classname="tests.test_api_interview.TestSubmitReport" name="test_submit_report" time="0.480" /><testcase classname="tests.test_api_interview.TestSubmitReport" name="test_submit_report_minimal" time="0.494" /><testcase classname="tests.test_api_interview.TestSubmitDuplicateUpsert" name="test_submit_duplicate_upsert" time="0.519" /><testcase classname="tests.test_api_interview.TestMyReports" name="test_my_reports" time="0.504" /><testcase classname="tests.test_api_interview.TestMyReports" name="test_my_reports_empty" time="0.487" /><testcase classname="tests.test_api_interview.TestDeleteReport" name="test_delete_report" time="0.552" /><testcase classname="tests.test_api_interview.TestDeleteReport" name="test_delete_nonexistent_report" time="0.527" /><testcase classname="tests.test_api_interview.TestAggregate" name="test_aggregate_sufficient" time="0.512" /><testcase classname="tests.test_api_interview.TestAggregate" name="test_aggregate_insufficient" time="0.526" /><testcase classname="tests.test_api_interview.TestAggregate" name="test_aggregate_zero_samples" time="0.061" /><testcase classname="tests.test_api_interview.TestAggregate" name="test_aggregate_fuzzy_match" time="0.526" /><testcase classname="tests.test_api_interview.TestAggregate" name="test_aggregate_with_position_filter" time="0.536" /><testcase classname="tests.test_api_interview.TestAggregate" name="test_aggregate_common_positions" time="0.553" /><testcase classname="tests.test_api_interview.TestStats" name="test_stats" time="0.533" /><testcase classname="tests.test_api_interview.TestStats" name="test_stats_empty" time="0.077" /><testcase classname="tests.test_api_interview.TestCompanies" name="test_companies" time="0.547" /><testcase classname="tests.test_api_interview.TestCompanies" name="test_companies_search" time="0.556" /><testcase classname="tests.test_api_interview.TestAuth" name="test_anonymous_submit_fails" time="0.070" /><testcase classname="tests.test_api_interview.TestAuth" name="test_anonymous_my_reports_fails" time="0.084" /><testcase classname="tests.test_api_interview.TestAuth" name="test_anonymous_delete_fails" time="0.089" /><testcase classname="tests.test_api_interview.TestAuth" name="test_aggregate_no_auth_required" time="0.089" /><testcase classname="tests.test_api_interview.TestAuth" name="test_stats_no_auth_required" time="0.080" /><testcase classname="tests.test_api_metrics.TestMetricsEndpoint" name="test_metrics_returns_prometheus_format" time="0.140" /><testcase classname="tests.test_api_metrics.TestMetricsEndpoint" name="test_metrics_contains_request_count" time="0.094" /><testcase classname="tests.test_api_metrics.TestMetricsEndpoint" name="test_metrics_contains_error_count" time="0.110" /><testcase classname="tests.test_api_metrics.TestMetricsEndpoint" name="test_metrics_contains_error_rate" time="0.099" /><testcase classname="tests.test_api_metrics.TestMetricsEndpoint" name="test_metrics_contains_response_time_histogram" time="0.074" /><testcase classname="tests.test_api_metrics.TestMetricsEndpoint" name="test_metrics_histogram_buckets" time="0.080" /><testcase classname="tests.test_api_metrics.TestMetricsEndpoint" name="test_metrics_sum_and_count" time="0.082" /><testcase classname="tests.test_api_metrics.TestMetricsRecording" name="test_record_request_increments_counter" time="0.003" /><testcase classname="tests.test_api_metrics.TestMetricsRecording" name="test_record_error_increments_error_counter" time="0.002" /><testcase classname="tests.test_api_metrics.TestMetricsRecording" name="test_record_response_time" time="0.002" /><testcase classname="tests.test_api_pipeline.TestPipelineAccess" name="test_non_admin_blocked" time="0.554" /><testcase classname="tests.test_api_pipeline.TestPipelineAccess" name="test_admin_allowed" time="0.474" /><testcase classname="tests.test_api_pipeline.TestReportList" name="test_list_reports" time="0.474" /><testcase classname="tests.test_api_pipeline.TestReportList" name="test_filter_by_status" time="0.473" /><testcase classname="tests.test_api_pipeline.TestReportDetail" name="test_get_report_detail" time="0.496" /><testcase classname="tests.test_api_pipeline.TestReportDelete" name="test_delete_report" time="0.502" /><testcase classname="tests.test_api_pipeline.TestPublishReport" name="test_publish_report" time="0.523" /><testcase classname="tests.test_api_pipeline.TestIngestURL" name="test_ingest_url_school_not_found" time="0.468" /><testcase classname="tests.test_api_pipeline.TestStats" name="test_stats" time="0.501" /><testcase classname="tests.test_api_pipeline.TestFileUpload" name="test_upload_unsupported_format" time="0.461" /><testcase classname="tests.test_api_posts.TestCreatePost" name="test_create_top_level_post" time="0.500" /><testcase classname="tests.test_api_posts.TestCreatePost" name="test_create_reply" time="0.540" /><testcase classname="tests.test_api_posts.TestCreatePost" name="test_create_post_empty_content" time="0.485" /><testcase classname="tests.test_api_posts.TestCreatePost" name="test_create_post_too_long" time="0.485" /><testcase classname="tests.test_api_posts.TestCreatePost" name="test_reply_nonexistent_parent" time="0.532" /><testcase classname="tests.test_api_posts.TestCreatePost" name="test_reply_topic_mismatch" time="0.515" /><testcase classname="tests.test_api_posts.TestCreatePost" name="test_reply_to_reply_rejected" time="0.517" /><testcase classname="tests.test_api_posts.TestCreatePost" name="test_anonymous_create_fails" time="0.084" /><testcase classname="tests.test_api_posts.TestListPosts" name="test_list_posts_with_replies" time="0.553" /><testcase classname="tests.test_api_posts.TestListPosts" name="test_list_posts_empty" time="0.083" /><testcase classname="tests.test_api_posts.TestListPosts" name="test_list_posts_pagination" time="0.602" /><testcase classname="tests.test_api_posts.TestListPosts" name="test_list_no_auth_required" time="0.089" /><testcase classname="tests.test_api_posts.TestUpdatePost" name="test_update_own_post" time="0.510" /><testcase classname="tests.test_api_posts.TestUpdatePost" name="test_update_others_post" time="0.920" /><testcase classname="tests.test_api_posts.TestUpdatePost" name="test_update_nonexistent" time="0.526" /><testcase classname="tests.test_api_posts.TestDeletePost" name="test_delete_own_post" time="0.548" /><testcase classname="tests.test_api_posts.TestDeletePost" name="test_cascade_delete" time="0.643" /><testcase classname="tests.test_api_posts.TestDeletePost" name="test_delete_others_post" time="0.936" /><testcase classname="tests.test_api_sources.TestDataSourceCRUD" name="test_create_source" time="0.486" /><testcase classname="tests.test_api_sources.TestDataSourceCRUD" name="test_list_sources" time="0.473" /><testcase classname="tests.test_api_sources.TestDataSourceCRUD" name="test_update_source" time="0.458" /><testcase classname="tests.test_api_sources.TestDataSourceCRUD" name="test_delete_source" time="0.468" /><testcase classname="tests.test_api_sources.TestDataSourceCRUD" name="test_non_admin_blocked" time="0.467" /><testcase classname="tests.test_assessment.TestAssessmentQuestions" name="test_get_questions_no_auth" time="0.065" /><testcase classname="tests.test_assessment.TestAssessmentQuestions" name="test_get_questions_returns_all_dimensions" time="0.060" /><testcase classname="tests.test_assessment.TestAssessmentSubmit" name="test_submit_returns_result" time="0.463" /><testcase classname="tests.test_assessment.TestAssessmentSubmit" name="test_submit_and_get_latest_result" time="0.566" /><testcase classname="tests.test_assessment.TestAssessmentSubmit" name="test_submit_unauthenticated_401" time="0.071" /><testcase classname="tests.test_assessment.TestAssessmentHistory" name="test_history_returns_all_records" time="0.564" /><testcase classname="tests.test_assessment.TestAssessmentHistory" name="test_result_empty_returns_null" time="0.478" /><testcase classname="tests.test_assessment.TestAssessmentHistory" name="test_history_empty" time="0.507" /><testcase classname="tests.test_assessment.TestAssessmentHistory" name="test_result_unauthenticated_401" time="0.061" /><testcase classname="tests.test_atomic_update.TestAtomicUpdateStaticCheck" name="test_comment_service_has_atomic_increment" time="0.002" /><testcase classname="tests.test_atomic_update.TestAtomicUpdateStaticCheck" name="test_experience_post_service_has_atomic_increment" time="0.001" /><testcase classname="tests.test_atomic_update.TestAtomicUpdateStaticCheck" name="test_qa_service_has_atomic_increment" time="0.001" /><testcase classname="tests.test_atomic_update.TestAtomicUpdateStaticCheck" name="test_mentor_service_has_atomic_increment" time="0.001" /><testcase classname="tests.test_atomic_update.TestAtomicUpdateStaticCheck" name="test_user_memory_service_uses_bulk_atomic_update" time="0.005" /><testcase classname="tests.test_atomic_update.TestAtomicIncrementFunctional" name="test_atomic_increment_increases_count" time="0.075" /><testcase classname="tests.test_atomic_update.TestAtomicIncrementFunctional" name="test_atomic_increment_with_delta" time="0.061" /><testcase classname="tests.test_atomic_update.TestAtomicIncrementFunctional" name="test_atomic_increment_returns_false_for_nonexistent" time="0.078" /><testcase classname="tests.test_atomic_update.TestAtomicIncrementConcurrency" name="test_concurrent_increments_no_lost_update" time="1.244" /><testcase classname="tests.test_atomic_update.TestServiceLayerAtomicIntegration" name="test_like_experience_post_increments_atomically" time="0.070" /><testcase classname="tests.test_atomic_update.TestServiceLayerAtomicIntegration" name="test_increment_experience_post_view_increments" time="0.086" /><testcase classname="tests.test_atomic_update.TestServiceLayerAtomicIntegration" name="test_like_review_increments_atomically" time="0.092" /><testcase classname="tests.test_auth" name="test_register_success" time="0.338" /><testcase classname="tests.test_auth" name="test_register_duplicate_email" time="1.232" /><testcase classname="tests.test_auth" name="test_register_rejects_disagree_terms" time="0.084" /><testcase classname="tests.test_auth" name="test_register_accepts_explicit_agree_terms" time="0.280" /><testcase classname="tests.test_auth" name="test_login_success" time="0.458" /><testcase classname="tests.test_auth" name="test_login_wrong_password" time="0.490" /><testcase classname="tests.test_auth" name="test_get_me" time="0.496" /><testcase classname="tests.test_auth" name="test_get_me_unauthorized" time="0.071" /><testcase classname="tests.test_auth" name="test_refresh_token_success" time="0.491" /><testcase classname="tests.test_auth" name="test_refresh_token_invalid" time="0.090" /><testcase classname="tests.test_auth" name="test_refresh_token_expired" time="0.080" /><testcase classname="tests.test_batch_endpoints.TestPostsBatch" name="test_batch_returns_matching_posts" time="0.626" /><testcase classname="tests.test_batch_endpoints.TestPostsBatch" name="test_batch_invalid_uuid_skipped" time="0.548" /><testcase classname="tests.test_batch_endpoints.TestPostsBatch" name="test_batch_all_invalid_uuid_returns_empty" time="0.095" /><testcase classname="tests.test_batch_endpoints.TestPostsBatch" name="test_batch_nonexistent_ids_returns_empty" time="0.094" /><testcase classname="tests.test_batch_endpoints.TestPostsBatch" name="test_batch_empty_ids_returns_422" time="0.085" /><testcase classname="tests.test_batch_endpoints.TestPostsBatch" name="test_batch_too_many_ids_returns_422" time="0.490" /><testcase classname="tests.test_batch_endpoints.TestPostsBatch" name="test_batch_no_auth_required" time="0.456" /><testcase classname="tests.test_batch_endpoints.TestPostsBatch" name="test_batch_dedup_not_required" time="0.423" /><testcase classname="tests.test_batch_endpoints.TestEventsBatch" name="test_batch_returns_user_events" time="0.426" /><testcase classname="tests.test_batch_endpoints.TestEventsBatch" name="test_batch_excludes_other_users" time="0.777" /><testcase classname="tests.test_batch_endpoints.TestEventsBatch" name="test_batch_invalid_uuid_skipped" time="0.418" /><testcase classname="tests.test_batch_endpoints.TestEventsBatch" name="test_batch_empty_ids_returns_422" time="0.414" /><testcase classname="tests.test_batch_endpoints.TestEventsBatch" name="test_batch_too_many_ids_returns_422" time="0.399" /><testcase classname="tests.test_batch_endpoints.TestEventsBatch" name="test_batch_no_auth_returns_401" time="0.044" /><testcase classname="tests.test_batch_endpoints.TestEventsBatch" name="test_batch_all_invalid_uuid_returns_empty" time="0.403" /><testcase classname="tests.test_batch_endpoints.TestDecisionsBatch" name="test_batch_returns_user_decisions" time="0.424" /><testcase classname="tests.test_batch_endpoints.TestDecisionsBatch" name="test_batch_excludes_other_users" time="0.765" /><testcase classname="tests.test_batch_endpoints.TestDecisionsBatch" name="test_batch_invalid_uuid_skipped" time="0.424" /><testcase classname="tests.test_batch_endpoints.TestDecisionsBatch" name="test_batch_empty_ids_returns_422" time="0.404" /><testcase classname="tests.test_batch_endpoints.TestDecisionsBatch" name="test_batch_too_many_ids_returns_422" time="0.405" /><testcase classname="tests.test_batch_endpoints.TestDecisionsBatch" name="test_batch_no_auth_returns_401" time="0.044" /><testcase classname="tests.test_batch_endpoints.TestSkillsBatch" name="test_batch_returns_user_skills" time="0.438" /><testcase classname="tests.test_batch_endpoints.TestSkillsBatch" name="test_batch_excludes_other_users" time="0.773" /><testcase classname="tests.test_batch_endpoints.TestSkillsBatch" name="test_batch_invalid_uuid_skipped" time="0.412" /><testcase classname="tests.test_batch_endpoints.TestSkillsBatch" name="test_batch_empty_ids_returns_422" time="0.397" /><testcase classname="tests.test_batch_endpoints.TestSkillsBatch" name="test_batch_too_many_ids_returns_422" time="0.400" /><testcase classname="tests.test_batch_endpoints.TestSkillsBatch" name="test_batch_no_auth_returns_401" time="0.045" /><testcase classname="tests.test_batch_endpoints.TestMentorsBatch" name="test_batch_returns_matching_mentors" time="0.049" /><testcase classname="tests.test_batch_endpoints.TestMentorsBatch" name="test_batch_invalid_uuid_skipped" time="0.046" /><testcase classname="tests.test_batch_endpoints.TestMentorsBatch" name="test_batch_all_invalid_uuid_returns_empty" time="0.042" /><testcase classname="tests.test_batch_endpoints.TestMentorsBatch" name="test_batch_empty_ids_returns_422" time="0.041" /><testcase classname="tests.test_batch_endpoints.TestMentorsBatch" name="test_batch_too_many_ids_returns_422" time="0.042" /><testcase classname="tests.test_batch_endpoints.TestMentorsBatch" name="test_batch_no_auth_required" time="0.045" /><testcase classname="tests.test_batch_endpoints.TestMentorsBatch" name="test_batch_nonexistent_ids_returns_empty" time="0.047" /><testcase classname="tests.test_batch_endpoints.TestNotificationsBatchDelete" name="test_batch_delete_returns_count" time="0.404" /><testcase classname="tests.test_batch_endpoints.TestNotificationsBatchDelete" name="test_batch_delete_excludes_other_users" time="0.762" /><testcase classname="tests.test_batch_endpoints.TestNotificationsBatchDelete" name="test_batch_delete_invalid_uuid_skipped" time="0.398" /><testcase classname="tests.test_batch_endpoints.TestNotificationsBatchDelete" name="test_batch_delete_all_invalid_uuid_returns_zero" time="0.398" /><testcase classname="tests.test_batch_endpoints.TestNotificationsBatchDelete" name="test_batch_delete_nonexistent_returns_zero" time="0.397" /><testcase classname="tests.test_batch_endpoints.TestNotificationsBatchDelete" name="test_batch_delete_too_many_ids_returns_422" time="0.393" /><testcase classname="tests.test_batch_endpoints.TestNotificationsBatchDelete" name="test_batch_delete_no_auth_returns_401" time="0.043" /><testcase classname="tests.test_batch_endpoints.TestNotificationsBatchDelete" name="test_batch_delete_actually_deletes" time="0.407" /><testcase classname="tests.test_batch_endpoints.TestAuthEnforcement" name="test_events_batch_requires_auth" time="0.042" /><testcase classname="tests.test_batch_endpoints.TestAuthEnforcement" name="test_decisions_batch_requires_auth" time="0.043" /><testcase classname="tests.test_batch_endpoints.TestAuthEnforcement" name="test_skills_batch_requires_auth" time="0.044" /><testcase classname="tests.test_batch_endpoints.TestAuthEnforcement" name="test_notifications_batch_delete_requires_auth" time="0.040" /><testcase classname="tests.test_bookmarks_api.TestBookmarkAPI" name="test_add_bookmark" time="0.400" /><testcase classname="tests.test_bookmarks_api.TestBookmarkAPI" name="test_add_bookmark_duplicate" time="0.408" /><testcase classname="tests.test_bookmarks_api.TestBookmarkAPI" name="test_list_bookmarks" time="0.419" /><testcase classname="tests.test_bookmarks_api.TestBookmarkAPI" name="test_list_bookmarks_filter_type" time="0.414" /><testcase classname="tests.test_bookmarks_api.TestBookmarkAPI" name="test_remove_bookmark" time="0.413" /><testcase classname="tests.test_bookmarks_api.TestBookmarkAPI" name="test_remove_bookmark_not_found" time="0.414" /><testcase classname="tests.test_bookmarks_api.TestBookmarkAPI" name="test_unauthorized" time="0.042" /><testcase classname="tests.test_career_plans.TestCareerPlanList" name="test_list_plans_200" time="0.408" /><testcase classname="tests.test_career_plans.TestCareerPlanDetail" name="test_get_plan_200" time="0.395" /><testcase classname="tests.test_career_plans.TestCareerPlanDetail" name="test_get_plan_404" time="0.400" /><testcase classname="tests.test_career_plans.TestMilestoneUpdate" name="test_update_milestone_200" time="0.402" /><testcase classname="tests.test_career_plans.TestMilestoneUpdate" name="test_update_milestone_404" time="0.399" /><testcase classname="tests.test_career_plans.TestMilestoneLogCreate" name="test_add_log_201" time="0.413" /><testcase classname="tests.test_career_plans.TestMilestoneLogCreate" name="test_add_log_invalid_index_404" time="0.403" /><testcase classname="tests.test_career_plans.TestMilestoneLogCreate" name="test_add_log_plan_not_found_404" time="0.409" /><testcase classname="tests.test_career_plans.TestMilestoneLogList" name="test_list_logs_200" time="0.417" /><testcase classname="tests.test_career_plans.TestMilestoneLogList" name="test_list_logs_empty" time="0.403" /><testcase classname="tests.test_career_plans.TestMilestoneLogDelete" name="test_delete_log_204" time="0.424" /><testcase classname="tests.test_career_plans.TestMilestoneLogDelete" name="test_delete_log_not_found_404" time="0.409" /><testcase classname="tests.test_career_plans.TestReminders" name="test_reminders_overdue_and_upcoming" time="0.400" /><testcase classname="tests.test_career_plans.TestReminders" name="test_reminders_excludes_non_active_plans" time="0.397" /><testcase classname="tests.test_career_plans.TestReminders" name="test_reminders_empty" time="0.408" /><testcase classname="tests.test_career_plans.TestDailyFocus" name="test_daily_focus_returns_pending_milestone" time="0.397" /><testcase classname="tests.test_career_plans.TestDailyFocus" name="test_daily_focus_prefers_in_progress" time="0.394" /><testcase classname="tests.test_career_plans.TestDailyFocus" name="test_daily_focus_has_logs_true" time="0.412" /><testcase classname="tests.test_career_plans.TestDailyFocus" name="test_daily_focus_empty_when_no_active_plan" time="0.406" /><testcase classname="tests.test_career_plans.TestDailyFocus" name="test_daily_focus_max_three" time="0.401" /><testcase classname="tests.test_career_profile.TestCareerProfileCreate" name="test_create_profile_201" time="0.400" /><testcase classname="tests.test_career_profile.TestCareerProfileCreate" name="test_create_profile_defaults" time="0.401" /><testcase classname="tests.test_career_profile.TestCareerProfileCreate" name="test_create_profile_duplicate_400" time="0.408" /><testcase classname="tests.test_career_profile.TestCareerProfileGet" name="test_get_profile_200" time="0.397" /><testcase classname="tests.test_career_profile.TestCareerProfileGet" name="test_get_profile_null_when_not_exists" time="0.393" /><testcase classname="tests.test_career_profile.TestCareerProfileUpdate" name="test_update_profile_200" time="0.424" /><testcase classname="tests.test_career_profile.TestCareerProfileUpdate" name="test_update_profile_preserves_unspecified_fields" time="0.416" /><testcase classname="tests.test_career_profile.TestCareerProfileUpdate" name="test_update_profile_404" time="0.390" /><testcase classname="tests.test_career_profile.TestCareerProfileAuth" name="test_unauthorized_get_401" time="0.044" /><testcase classname="tests.test_career_profile.TestCareerProfileAuth" name="test_unauthorized_post_401" time="0.046" /><testcase classname="tests.test_career_profile.TestCareerProfileAuth" name="test_unauthorized_put_401" time="0.044" /><testcase classname="tests.test_celery_tasks.TestCeleryApp" name="test_celery_app_importable" time="0.449" /><testcase classname="tests.test_celery_tasks.TestCeleryApp" name="test_task_serializer_is_json" time="0.004" /><testcase classname="tests.test_celery_tasks.TestCeleryApp" name="test_task_routes_configured" time="0.001" /><testcase classname="tests.test_celery_tasks.TestCeleryApp" name="test_reliability_settings" time="0.001" /><testcase classname="tests.test_celery_tasks.TestCrawlerTasks" name="test_run_crawler_task_registered" time="0.021" /><testcase classname="tests.test_celery_tasks.TestCrawlerTasks" name="test_run_scheduled_crawler_task_registered" time="0.001" /><testcase classname="tests.test_celery_tasks.TestCrawlerTasks" name="test_crawler_task_args_json_serializable" time="0.001" /><testcase classname="tests.test_celery_tasks.TestCrawlerTasks" name="test_crawler_task_signature" time="0.001" /><testcase classname="tests.test_celery_tasks.TestAITasks" name="test_generate_ai_advice_task_registered" time="0.002" /><testcase classname="tests.test_celery_tasks.TestAITasks" name="test_ai_task_args_json_serializable" time="0.001" /><testcase classname="tests.test_celery_tasks.TestAITasks" name="test_batch_generate_advice_registered" time="0.001" /><testcase classname="tests.test_celery_tasks.TestCeleryFallback" name="test_fallback_function_exists" time="0.001" /><testcase classname="tests.test_celery_tasks.TestCeleryFallback" name="test_api_dispatcher_exists" time="0.001" /><testcase classname="tests.test_chat.TestConversationCRUD" name="test_create_conversation_200" time="0.404" /><testcase classname="tests.test_chat.TestConversationCRUD" name="test_create_conversation_401" time="0.043" /><testcase classname="tests.test_chat.TestConversationCRUD" name="test_list_conversations_200" time="0.407" /><testcase classname="tests.test_chat.TestConversationCRUD" name="test_list_conversations_pagination" time="0.420" /><testcase classname="tests.test_chat.TestConversationCRUD" name="test_delete_conversation_204" time="0.406" /><testcase classname="tests.test_chat.TestConversationCRUD" name="test_delete_conversation_404" time="0.390" /><testcase classname="tests.test_chat.TestSendMessage" name="test_send_message_401" time="0.042" /><testcase classname="tests.test_chat.TestSendMessage" name="test_send_message_503_no_llm_key" time="0.441" /><testcase classname="tests.test_chat.TestSendMessage" name="test_send_message_success_with_mock" time="0.428" /><testcase classname="tests.test_chat.TestSendMessage" name="test_send_message_with_skill_hint" time="0.412" /><testcase classname="tests.test_chat.TestMessageHistory" name="test_message_history_order" time="0.446" /><testcase classname="tests.test_chat.TestSkillsList" name="test_list_skills_returns_all" time="0.394" /><testcase classname="tests.test_chat.TestCareerPlanExtraction" name="test_career_plan_saved_from_llm" time="0.412" /><testcase classname="tests.test_chat.TestCareerPlanExtraction" name="test_career_plan_listed_in_api" time="0.428" /><testcase classname="tests.test_chat.TestBuildUserContext" name="test_career_profile_injected_into_context" time="0.401" /><testcase classname="tests.test_chat.TestBuildUserContext" name="test_no_career_profile_context_ok" time="0.399" /><testcase classname="tests.test_config" name="test_default_environment_is_development" time="0.002" /><testcase classname="tests.test_config" name="test_production_with_default_secret_key_raises" time="0.001" /><testcase classname="tests.test_config" name="test_production_with_custom_secret_key_works" time="0.001" /><testcase classname="tests.test_config" name="test_production_with_sqlite_raises" time="0.001" /><testcase classname="tests.test_config" name="test_production_without_redis_raises" time="0.001" /><testcase classname="tests.test_config" name="test_production_with_invalid_redis_scheme_raises" time="0.001" /><testcase classname="tests.test_config" name="test_production_with_empty_redis_password_raises" time="0.001" /><testcase classname="tests.test_config" name="test_production_with_rediss_scheme_works" time="0.001" /><testcase classname="tests.test_config" name="test_production_with_valid_config_works" time="0.001" /><testcase classname="tests.test_crawlers.TestHelperFunctions" name="test_get_random_headers_returns_valid_headers" time="0.001" /><testcase classname="tests.test_crawlers.TestHelperFunctions" name="test_parse_yanzhao_search_with_valid_html" time="0.002" /><testcase classname="tests.test_crawlers.TestHelperFunctions" name="test_parse_yanzhao_search_with_empty_html" time="0.001" /><testcase classname="tests.test_crawlers.TestHelperFunctions" name="test_parse_cdgdc_rank_with_valid_html" time="0.002" /><testcase classname="tests.test_crawlers.TestHelperFunctions" name="test_parse_cdgdc_rank_with_empty_html" time="0.001" /><testcase classname="tests.test_crawlers.TestRealDataCrawler" name="test_crawler_initialization" time="0.001" /><testcase classname="tests.test_crawlers.TestRealDataCrawler" name="test_crawler_with_config" time="0.001" /><testcase classname="tests.test_crawlers.TestRealDataCrawler" name="test_fetch_returns_data_when_real_sources_fail" time="0.002" /><testcase classname="tests.test_crawlers.TestRealDataCrawler" name="test_fetch_with_real_yanzhao_data" time="0.002" /><testcase classname="tests.test_crawlers.TestRealDataCrawler" name="test_fetch_with_school_data" time="5.706" /><testcase classname="tests.test_crawlers.TestRealDataCrawler" name="test_parse_school_data" time="0.001" /><testcase classname="tests.test_crawlers.TestRealDataCrawler" name="test_parse_program_data" time="0.001" /><testcase classname="tests.test_crawlers.TestRealDataCrawler" name="test_parse_discipline_data" time="0.001" /><testcase classname="tests.test_crawlers.TestRealDataCrawler" name="test_parse_returns_multiple_types" time="0.001" /><testcase classname="tests.test_crawlers.TestRealDataCrawler" name="test_fetch_with_retry_success" time="0.001" /><testcase classname="tests.test_crawlers.TestRealDataCrawler" name="test_fetch_with_retry_handles_timeout" time="0.697" /><testcase classname="tests.test_crawlers.TestRealDataCrawler" name="test_fetch_with_retry_handles_rate_limit" time="0.002" /><testcase classname="tests.test_crawlers.TestRealDataCrawler" name="test_get_cached_data_returns_valid_structure" time="0.001" /><testcase classname="tests.test_crawlers.TestRealDataCrawler" name="test_store_saves_to_database" time="0.039" /><testcase classname="tests.test_crawlers.TestRealDataCrawler" name="test_store_skips_items_without_school_name" time="0.034" /><testcase classname="tests.test_crawlers.TestRealDataCrawler" name="test_full_run_workflow" time="0.036" /><testcase classname="tests.test_crawlers.TestCacheData" name="test_school_cache_covers_top_universities" time="0.001" /><testcase classname="tests.test_crawlers.TestCacheData" name="test_program_cache_has_required_fields" time="0.001" /><testcase classname="tests.test_crawlers.TestCacheData" name="test_school_cache_has_contact_info" time="0.001" /><testcase classname="tests.test_cursor_pagination.TestCursorPaginationUtils" name="test_encode_decode_roundtrip" time="0.001" /><testcase classname="tests.test_cursor_pagination.TestCursorPaginationUtils" name="test_encode_decode_with_uuid" time="0.001" /><testcase classname="tests.test_cursor_pagination.TestCursorPaginationUtils" name="test_decode_invalid_cursor_returns_none" time="0.001" /><testcase classname="tests.test_cursor_pagination.TestCursorPaginationUtils" name="test_apply_cursor_filter_descending" time="0.039" /><testcase classname="tests.test_cursor_pagination.TestCursorPaginationUtils" name="test_apply_cursor_filter_no_cursor_returns_all" time="0.040" /><testcase classname="tests.test_cursor_pagination.TestCursorPaginationUtils" name="test_apply_cursor_filter_invalid_cursor_returns_all" time="0.038" /><testcase classname="tests.test_cursor_pagination.TestPostsPublicCursor" name="test_first_page_returns_correct_count" time="0.434" /><testcase classname="tests.test_cursor_pagination.TestPostsPublicCursor" name="test_second_page_uses_next_cursor" time="0.439" /><testcase classname="tests.test_cursor_pagination.TestPostsPublicCursor" name="test_third_page_has_no_more" time="0.460" /><testcase classname="tests.test_cursor_pagination.TestPostsPublicCursor" name="test_topic_type_filter" time="0.434" /><testcase classname="tests.test_cursor_pagination.TestPostsPublicCursor" name="test_empty_result" time="0.044" /><testcase classname="tests.test_cursor_pagination.TestPostsPublicCursor" name="test_invalid_cursor_does_not_crash" time="0.046" /><testcase classname="tests.test_cursor_pagination.TestPostsPublicCursor" name="test_invalid_topic_type_returns_422" time="0.046" /><testcase classname="tests.test_cursor_pagination.TestPostsPublicCursor" name="test_only_top_level_posts_returned" time="0.411" /><testcase classname="tests.test_cursor_pagination.TestMentorsCursor" name="test_list_all_mentors" time="0.049" /><testcase classname="tests.test_cursor_pagination.TestMentorsCursor" name="test_university_filter" time="0.049" /><testcase classname="tests.test_cursor_pagination.TestMentorsCursor" name="test_min_rating_filter" time="0.050" /><testcase classname="tests.test_cursor_pagination.TestMentorsCursor" name="test_pagination_has_more" time="0.057" /><testcase classname="tests.test_cursor_pagination.TestMentorsCursor" name="test_empty_result" time="0.044" /><testcase classname="tests.test_cursor_pagination.TestMentorsCursor" name="test_combined_filters" time="0.048" /><testcase classname="tests.test_cursor_pagination.TestSchoolsCursor" name="test_only_published_schools_returned" time="0.047" /><testcase classname="tests.test_cursor_pagination.TestSchoolsCursor" name="test_pagination" time="0.053" /><testcase classname="tests.test_cursor_pagination.TestSchoolsCursor" name="test_empty_result" time="0.047" /><testcase classname="tests.test_cursor_pagination.TestSchoolsCursor" name="test_no_duplicate_schools" time="0.047" /><testcase classname="tests.test_cursor_pagination.TestSchoolsCursor" name="test_invalid_cursor_does_not_crash" time="0.047" /><testcase classname="tests.test_dashboard" name="test_dashboard_empty" time="0.398" /><testcase classname="tests.test_dashboard" name="test_dashboard_with_data" time="0.444" /><testcase classname="tests.test_dashboard" name="test_dashboard_skill_categories" time="0.429" /><testcase classname="tests.test_dashboard" name="test_weekly_recap_structure_empty" time="0.399" /><testcase classname="tests.test_dashboard" name="test_weekly_recap_with_milestones" time="0.413" /><testcase classname="tests.test_dashboard" name="test_weekly_recap_encouragement_with_logs" time="0.399" /><testcase classname="tests.test_decisions" name="test_create_decision_employment" time="0.399" /><testcase classname="tests.test_decisions" name="test_create_decision_postgrad" time="0.408" /><testcase classname="tests.test_decisions" name="test_list_decisions" time="0.418" /><testcase classname="tests.test_decisions" name="test_get_decision_by_id" time="0.415" /><testcase classname="tests.test_decisions" name="test_update_decision" time="0.426" /><testcase classname="tests.test_decisions" name="test_delete_decision" time="0.423" /><testcase classname="tests.test_decisions" name="test_decision_stats" time="0.422" /><testcase classname="tests.test_decisions" name="test_decision_unauthorized" time="0.042" /><testcase classname="tests.test_events" name="test_create_event" time="0.407" /><testcase classname="tests.test_events" name="test_list_events_filtered_by_type" time="0.449" /><testcase classname="tests.test_events" name="test_list_events_filtered_by_date_range" time="0.437" /><testcase classname="tests.test_events" name="test_update_event" time="0.416" /><testcase classname="tests.test_events" name="test_delete_event" time="0.405" /><testcase classname="tests.test_exceptions" name="test_business_error_returns_400" time="0.023" /><testcase classname="tests.test_exceptions" name="test_business_error_with_custom_code" time="0.009" /><testcase classname="tests.test_exceptions" name="test_business_error_with_details" time="0.009" /><testcase classname="tests.test_exceptions" name="test_not_found_error_returns_404" time="0.008" /><testcase classname="tests.test_exceptions" name="test_forbidden_error_returns_403" time="0.008" /><testcase classname="tests.test_exceptions" name="test_validation_error_returns_422" time="0.007" /><testcase classname="tests.test_exceptions" name="test_rate_limit_error_returns_429" time="0.008" /><testcase classname="tests.test_exceptions" name="test_conflict_error_returns_409" time="0.007" /><testcase classname="tests.test_exceptions" name="test_unhandled_exception_returns_500_without_detail" time="0.039" /><testcase classname="tests.test_exceptions" name="test_http_exception_still_works" time="0.008" /><testcase classname="tests.test_export.TestPdfExport" name="test_pdf_requires_auth" time="0.043" /><testcase classname="tests.test_export.TestPdfExport" name="test_pdf_success" time="0.750" /><testcase classname="tests.test_export.TestPdfExport" name="test_pdf_empty_user" time="0.401" /><testcase classname="tests.test_export.TestPdfExport" name="test_pdf_service_directly" time="0.397" /><testcase classname="tests.test_export.TestJsonExport" name="test_json_requires_auth" time="0.041" /><testcase classname="tests.test_export.TestJsonExport" name="test_json_success_all_sections" time="0.406" /><testcase classname="tests.test_export.TestJsonExport" name="test_json_empty_user" time="0.399" /><testcase classname="tests.test_export.TestJsonExport" name="test_json_service_directly" time="0.418" /><testcase classname="tests.test_export.TestShareSkills" name="test_invalid_token_returns_404" time="0.046" /><testcase classname="tests.test_export.TestShareSkills" name="test_empty_token_returns_404" time="0.042" /><testcase classname="tests.test_export.TestShareSkills" name="test_share_disabled_returns_404" time="0.394" /><testcase classname="tests.test_export.TestShareSkills" name="test_share_enabled_returns_skills" time="0.406" /><testcase classname="tests.test_export.TestShareSkills" name="test_share_enabled_no_skills" time="0.394" /><testcase classname="tests.test_export.TestShareSkills" name="test_share_service_directly" time="0.394" /><testcase classname="tests.test_export.TestGradIntelJsonExport" name="test_json_requires_auth" time="0.040" /><testcase classname="tests.test_export.TestGradIntelJsonExport" name="test_json_success_all_sections" time="0.435" /><testcase classname="tests.test_export.TestGradIntelJsonExport" name="test_json_empty_user" time="0.406" /><testcase classname="tests.test_export.TestGradIntelJsonExport" name="test_json_user_scoped_data" time="0.397" /><testcase classname="tests.test_export.TestGradIntelJsonExport" name="test_json_service_directly" time="0.392" /><testcase classname="tests.test_export.TestGradIntelCsvExport" name="test_csv_requires_auth" time="0.043" /><testcase classname="tests.test_export.TestGradIntelCsvExport" name="test_csv_success_with_data" time="0.433" /><testcase classname="tests.test_export.TestGradIntelCsvExport" name="test_csv_empty_user" time="0.419" /><testcase classname="tests.test_export.TestGradIntelCsvExport" name="test_csv_service_directly" time="0.402" /><testcase classname="tests.test_external_data_cache.TestListCompaniesCache" name="test_cache_miss_hits_db_and_writes_cache" time="1.915" /><testcase classname="tests.test_external_data_cache.TestListCompaniesCache" name="test_cache_hit_skips_db" time="2.230" /><testcase classname="tests.test_external_data_cache.TestListCompaniesCache" name="test_different_params_no_cache_hit" time="2.219" /><testcase classname="tests.test_external_data_cache.TestListCompaniesCache" name="test_different_limit_no_cache_hit" time="1.850" /><testcase classname="tests.test_external_data_cache.TestListCompaniesCache" name="test_redis_unavailable_falls_back_to_db" time="2.239" /><testcase classname="tests.test_external_data_cache.TestListCompaniesCache" name="test_cache_set_exception_does_not_raise" time="1.896" /><testcase classname="tests.test_external_data_cache.TestListCompaniesCache" name="test_cache_returns_dict_not_model" time="1.901" /><testcase classname="tests.test_external_data_cache.TestListSalaryBenchmarksCache" name="test_cache_miss_hits_db_and_writes_cache" time="2.200" /><testcase classname="tests.test_external_data_cache.TestListSalaryBenchmarksCache" name="test_cache_hit_skips_db" time="2.215" /><testcase classname="tests.test_external_data_cache.TestListSalaryBenchmarksCache" name="test_different_params_no_cache_hit" time="1.853" /><testcase classname="tests.test_external_data_cache.TestListMarketDataCache" name="test_cache_miss_hits_db_and_writes_cache" time="2.210" /><testcase classname="tests.test_external_data_cache.TestListMarketDataCache" name="test_cache_hit_skips_db" time="1.928" /><testcase classname="tests.test_external_data_cache.TestListMarketDataCache" name="test_different_params_no_cache_hit" time="1.918" /><testcase classname="tests.test_external_data_cache.TestRedisFallback" name="test_cache_get_exception_does_not_raise" time="2.189" /><testcase classname="tests.test_external_data_cache.TestRedisFallback" name="test_cache_set_exception_does_not_raise" time="2.237" /><testcase classname="tests.test_external_data_cache.TestRedisFallback" name="test_both_cache_ops_exception_still_returns_data" time="1.899" /><testcase classname="tests.test_gamification.TestCalculateXP" name="test_empty_user" time="0.389" /><testcase classname="tests.test_gamification.TestCalculateXP" name="test_decisions_only" time="0.394" /><testcase classname="tests.test_gamification.TestCalculateXP" name="test_all_types" time="0.393" /><testcase classname="tests.test_gamification.TestLevelSystem" name="test_level_1_at_zero" time="0.001" /><testcase classname="tests.test_gamification.TestLevelSystem" name="test_level_2_at_50" time="0.001" /><testcase classname="tests.test_gamification.TestLevelSystem" name="test_level_3_at_150" time="0.001" /><testcase classname="tests.test_gamification.TestLevelSystem" name="test_level_5_at_700" time="0.001" /><testcase classname="tests.test_gamification.TestLevelSystem" name="test_level_7_at_2000" time="0.001" /><testcase classname="tests.test_gamification.TestBadgeAwarding" name="test_first_decision_badge" time="0.398" /><testcase classname="tests.test_gamification.TestBadgeAwarding" name="test_first_event_badge" time="0.416" /><testcase classname="tests.test_gamification.TestBadgeAwarding" name="test_decision_master_badge" time="0.410" /><testcase classname="tests.test_gamification.TestBadgeAwarding" name="test_badge_idempotency" time="0.406" /><testcase classname="tests.test_gamification.TestGamificationAPI" name="test_profile_requires_auth" time="0.042" /><testcase classname="tests.test_gamification.TestGamificationAPI" name="test_profile_returns_correct_xp" time="0.419" /><testcase classname="tests.test_gamification.TestGamificationAPI" name="test_profile_newly_awarded_on_first_access" time="0.401" /><testcase classname="tests.test_gamification.TestGamificationAPI" name="test_profile_second_access_no_new_badges" time="0.418" /><testcase classname="tests.test_gamification.TestSettingsAPI" name="test_settings_require_auth" time="0.043" /><testcase classname="tests.test_gamification.TestSettingsAPI" name="test_default_settings" time="0.401" /><testcase classname="tests.test_gamification.TestSettingsAPI" name="test_enable_share_generates_token" time="0.392" /><testcase classname="tests.test_gamification.TestSettingsAPI" name="test_disable_share_keeps_token" time="0.409" /><testcase classname="tests.test_health" name="test_health_returns_ok" time="0.044" /><testcase classname="tests.test_health" name="test_ready_returns_ok_when_db_working" time="0.110" /><testcase classname="tests.test_health" name="test_ready_returns_503_when_db_unavailable" time="0.043" /><testcase classname="tests.test_health" name="test_cors_preflight_returns_allow_origin" time="0.039" /><testcase classname="tests.test_input_validation" name="test_decision_advice_company_too_long" time="0.001" /><testcase classname="tests.test_input_validation" name="test_decision_advice_company_max_length_ok" time="0.001" /><testcase classname="tests.test_input_validation" name="test_growth_insight_period_end_before_start" time="0.001" /><testcase classname="tests.test_input_validation" name="test_ai_retro_draft_period_end_before_start" time="0.001" /><testcase classname="tests.test_input_validation" name="test_search_body_school_too_long" time="0.001" /><testcase classname="tests.test_input_validation" name="test_search_body_school_max_length_ok" time="0.001" /><testcase classname="tests.test_knowledge.TestKnowledgeList" name="test_list_articles_200" time="0.398" /><testcase classname="tests.test_knowledge.TestKnowledgeList" name="test_list_pagination" time="0.393" /><testcase classname="tests.test_knowledge.TestKnowledgeList" name="test_category_filter" time="0.393" /><testcase classname="tests.test_knowledge.TestKnowledgeList" name="test_list_requires_auth" time="0.043" /><testcase classname="tests.test_knowledge.TestKnowledgeDetail" name="test_get_article_200" time="0.420" /><testcase classname="tests.test_knowledge.TestKnowledgeDetail" name="test_get_article_404" time="0.401" /><testcase classname="tests.test_knowledge.TestKnowledgeSearch" name="test_search_returns_relevant" time="0.395" /><testcase classname="tests.test_knowledge.TestKnowledgeAdminCRUD" name="test_create_admin_201" time="0.386" /><testcase classname="tests.test_knowledge.TestKnowledgeAdminCRUD" name="test_create_non_admin_403" time="0.394" /><testcase classname="tests.test_knowledge.TestKnowledgeAdminCRUD" name="test_update_admin_200" time="0.396" /><testcase classname="tests.test_knowledge.TestKnowledgeAdminCRUD" name="test_delete_admin_204" time="0.396" /><testcase classname="tests.test_knowledge.TestKnowledgeAdminCRUD" name="test_delete_non_admin_403" time="0.393" /><testcase classname="tests.test_logging" name="test_request_id_header_in_response" time="0.042" /><testcase classname="tests.test_logging" name="test_request_id_unique_per_request" time="0.050" /><testcase classname="tests.test_logging" name="test_request_log_generated" time="0.043" /><testcase classname="tests.test_metrics.TestMetricsModule" name="test_metrics_module_importable" time="0.001" /><testcase classname="tests.test_metrics.TestMetricsModule" name="test_prometheus_client_available" time="0.001" /><testcase classname="tests.test_metrics.TestMetricsModule" name="test_request_count_metric_defined" time="0.001" /><testcase classname="tests.test_metrics.TestMetricsModule" name="test_request_latency_metric_defined" time="0.001" /><testcase classname="tests.test_metrics.TestMetricsModule" name="test_llm_call_count_metric_defined" time="0.001" /><testcase classname="tests.test_metrics.TestMetricsModule" name="test_llm_call_latency_metric_defined" time="0.001" /><testcase classname="tests.test_metrics.TestMetricsModule" name="test_active_websockets_metric_defined" time="0.001" /><testcase classname="tests.test_metrics.TestMetricsRendering" name="test_render_metrics_returns_bytes_and_content_type" time="0.026" /><testcase classname="tests.test_metrics.TestMetricsRendering" name="test_render_metrics_contains_gradpath_prefix" time="0.018" /><testcase classname="tests.test_metrics.TestMetricsRecordingFunctions" name="test_record_http_request_does_not_raise" time="0.001" /><testcase classname="tests.test_metrics.TestMetricsRecordingFunctions" name="test_record_llm_call_does_not_raise" time="0.001" /><testcase classname="tests.test_metrics.TestMetricsRecordingFunctions" name="test_set_active_websockets_does_not_raise" time="0.001" /><testcase classname="tests.test_metrics.TestMetricsRecordingFunctions" name="test_record_http_request_calls_legacy_record_request" time="0.001" /><testcase classname="tests.test_metrics.TestMetricsEndpoint" name="test_metrics_endpoint_requires_auth" time="0.042" /><testcase classname="tests.test_metrics.TestMetricsEndpoint" name="test_metrics_endpoint_accessible_with_auth" time="0.422" /><testcase classname="tests.test_metrics.TestMetricsEndpoint" name="test_legacy_api_metrics_still_works" time="0.042" /><testcase classname="tests.test_metrics.TestMultiprocessConfig" name="test_ensure_multiproc_dir_function_exists" time="0.001" /><testcase classname="tests.test_metrics.TestMultiprocessConfig" name="test_prometheus_multiproc_dir_constant" time="0.001" /><testcase classname="tests.test_metrics.TestMultiprocessConfig" name="test_get_registry_returns_collector_registry" time="0.001" /><testcase classname="tests.test_models_employment.TestSchool" name="test_create_school" time="0.038" /><testcase classname="tests.test_models_employment.TestSchool" name="test_school_name_unique" time="0.036" /><testcase classname="tests.test_models_employment.TestSchool" name="test_school_slug_unique" time="0.038" /><testcase classname="tests.test_models_employment.TestReportRecord" name="test_create_report" time="0.038" /><testcase classname="tests.test_models_employment.TestReportRecord" name="test_school_year_unique" time="0.042" /><testcase classname="tests.test_models_employment.TestEmploymentData" name="test_create_employment_data" time="0.041" /><testcase classname="tests.test_models_employment.TestEmploymentData" name="test_report_major_degree_unique" time="0.040" /><testcase classname="tests.test_new_models_phase_a.TestUserMemoryFactModel" name="test_table_exists" time="0.039" /><testcase classname="tests.test_new_models_phase_a.TestUserMemoryFactModel" name="test_create_memory_fact" time="0.038" /><testcase classname="tests.test_new_models_phase_a.TestUserMemoryFactModel" name="test_memory_fact_type_enum_values" time="0.001" /><testcase classname="tests.test_new_models_phase_a.TestUserOnboardingModel" name="test_table_exists" time="0.038" /><testcase classname="tests.test_new_models_phase_a.TestUserOnboardingModel" name="test_create_onboarding" time="0.043" /><testcase classname="tests.test_new_models_phase_a.TestUserOnboardingModel" name="test_complete_onboarding" time="0.044" /><testcase classname="tests.test_new_models_phase_a.TestDecisionReviewQueueModel" name="test_table_exists" time="0.040" /><testcase classname="tests.test_new_models_phase_a.TestDecisionReviewQueueModel" name="test_create_review_task" time="0.037" /><testcase classname="tests.test_new_models_phase_a.TestDecisionReviewQueueModel" name="test_complete_review" time="0.039" /><testcase classname="tests.test_new_models_phase_a.TestDarkKnowledgePushLogModel" name="test_table_exists" time="0.036" /><testcase classname="tests.test_new_models_phase_a.TestDarkKnowledgePushLogModel" name="test_create_push_log" time="0.038" /><testcase classname="tests.test_new_models_phase_a.TestDarkKnowledgePushLogModel" name="test_mark_read_with_feedback" time="0.039" /><testcase classname="tests.test_new_models_phase_a.TestModelsRegistered" name="test_all_models_importable" time="0.001" /><testcase classname="tests.test_new_models_phase_a.TestModelsRegistered" name="test_all_enums_importable" time="0.001" /><testcase classname="tests.test_notification_archive.TestNotificationArchive" name="test_archive_single_success" time="0.399" /><testcase classname="tests.test_notification_archive.TestNotificationArchive" name="test_archive_single_idempotent" time="0.420" /><testcase classname="tests.test_notification_archive.TestNotificationArchive" name="test_archive_single_not_found" time="0.406" /><testcase classname="tests.test_notification_archive.TestNotificationArchive" name="test_unarchive_single_success" time="0.410" /><testcase classname="tests.test_notification_archive.TestNotificationArchive" name="test_unarchive_single_idempotent" time="0.415" /><testcase classname="tests.test_notification_archive.TestNotificationArchive" name="test_unarchive_single_not_found" time="0.401" /><testcase classname="tests.test_notification_archive.TestNotificationArchive" name="test_archive_batch_by_ids" time="0.438" /><testcase classname="tests.test_notification_archive.TestNotificationArchive" name="test_archive_batch_all_read" time="0.414" /><testcase classname="tests.test_notification_archive.TestNotificationArchive" name="test_archive_batch_all_unread_included" time="0.413" /><testcase classname="tests.test_notification_archive.TestNotificationArchive" name="test_archive_batch_empty_ids" time="0.399" /><testcase classname="tests.test_notification_archive.TestNotificationArchive" name="test_archive_batch_exceeds_limit" time="0.401" /><testcase classname="tests.test_notification_archive.TestNotificationArchive" name="test_archive_batch_invalid_ids_skipped" time="0.397" /><testcase classname="tests.test_notification_archive.TestNotificationArchive" name="test_archive_old_default_threshold" time="0.414" /><testcase classname="tests.test_notification_archive.TestNotificationArchive" name="test_archive_old_invalid_days_too_small" time="0.395" /><testcase classname="tests.test_notification_archive.TestNotificationArchive" name="test_archive_old_invalid_days_too_large" time="0.389" /><testcase classname="tests.test_notification_archive.TestNotificationArchive" name="test_list_default_excludes_archived" time="0.402" /><testcase classname="tests.test_notification_archive.TestNotificationArchive" name="test_list_archived_true_returns_only_archived" time="0.407" /><testcase classname="tests.test_notification_archive.TestNotificationArchive" name="test_unread_count_excludes_archived" time="0.398" /><testcase classname="tests.test_notification_archive.TestNotificationArchive" name="test_mark_all_as_read_skips_archived" time="0.408" /><testcase classname="tests.test_notification_archive.TestNotificationArchive" name="test_list_unread_only_with_archived" time="0.407" /><testcase classname="tests.test_notification_archive.TestNotificationArchive" name="test_archive_cross_user_isolation" time="0.754" /><testcase classname="tests.test_notifications_api.TestNotificationAPI" name="test_list_empty" time="0.406" /><testcase classname="tests.test_notifications_api.TestNotificationAPI" name="test_unread_count" time="0.400" /><testcase classname="tests.test_notifications_api.TestNotificationAPI" name="test_mark_as_read" time="0.752" /><testcase classname="tests.test_notifications_api.TestNotificationAPI" name="test_mark_as_read_not_found" time="0.408" /><testcase classname="tests.test_notifications_api.TestNotificationAPI" name="test_mark_all_as_read" time="0.410" /><testcase classname="tests.test_notifications_api.TestNotificationAPI" name="test_list_with_pagination" time="0.414" /><testcase classname="tests.test_notifications_api.TestNotificationAPI" name="test_list_unread_only" time="0.408" /><testcase classname="tests.test_notifications_api.TestNotificationAPI" name="test_unauthorized" time="0.041" /><testcase classname="tests.test_pagination.TestDecisionPagination" name="test_decision_first_page" time="0.442" /><testcase classname="tests.test_pagination.TestDecisionPagination" name="test_decision_second_page_different_items" time="0.430" /><testcase classname="tests.test_pagination.TestEventPagination" name="test_event_total_count" time="0.411" /><testcase classname="tests.test_pagination.TestEventPagination" name="test_event_second_page" time="0.414" /><testcase classname="tests.test_pagination.TestRetrospectivePagination" name="test_retrospective_pagination" time="0.446" /><testcase classname="tests.test_pagination.TestCommunityPagination" name="test_community_empty" time="0.412" /><testcase classname="tests.test_pagination.TestInterviewPagination" name="test_interview_total_count" time="0.414" /><testcase classname="tests.test_pagination.TestPageSizeBoundary" name="test_page_size_boundary" time="0.421" /><testcase classname="tests.test_password_reset" name="test_forgot_password_existing_user" time="0.224" /><testcase classname="tests.test_password_reset" name="test_forgot_password_nonexistent_user" time="0.046" /><testcase classname="tests.test_password_reset" name="test_reset_password_with_valid_token" time="0.595" /><testcase classname="tests.test_password_reset" name="test_reset_password_with_invalid_token" time="0.048" /><testcase classname="tests.test_password_reset" name="test_reset_password_with_wrong_token_type" time="0.411" /><testcase classname="tests.test_password_reset" name="test_change_password_correct_current" time="0.759" /><testcase classname="tests.test_password_reset" name="test_change_password_wrong_current" time="0.645" /><testcase classname="tests.test_password_reset" name="test_change_password_requires_auth" time="0.056" /><testcase classname="tests.test_password_reset" name="test_password_reset_token_expiry" time="0.001" /><testcase classname="tests.test_password_reset" name="test_password_reset_token_wrong_type" time="0.001" /><testcase classname="tests.test_pg_trgm_search.TestPgTrgmMigration" name="test_migration_file_exists" time="0.001" /><testcase classname="tests.test_pg_trgm_search.TestPgTrgmMigration" name="test_migration_covers_required_tables" time="0.287" /><testcase classname="tests.test_pg_trgm_search.TestPgTrgmMigration" name="test_migration_index_naming_convention" time="0.002" /><testcase classname="tests.test_pg_trgm_search.TestSqlFallbackScript" name="test_sql_script_exists" time="0.001" /><testcase classname="tests.test_pg_trgm_search.TestSqlFallbackScript" name="test_sql_script_contains_extension" time="0.001" /><testcase classname="tests.test_pg_trgm_search.TestSqlFallbackScript" name="test_sql_script_contains_all_indexes" time="0.001" /><testcase classname="tests.test_pg_trgm_search.TestServiceLayerILIKE" name="test_mentor_search_uses_ilike" time="0.037" /><testcase classname="tests.test_pg_trgm_search.TestServiceLayerILIKE" name="test_school_search_works_case_insensitive" time="0.036" /><testcase classname="tests.test_pg_trgm_search.TestServiceLayerILIKE" name="test_search_returns_correct_results_on_sqlite" time="0.044" /><testcase classname="tests.test_pg_trgm_search.TestPostgresIndexingConfiguration" name="test_is_postgresql_helper_in_migration" time="0.002" /><testcase classname="tests.test_pg_trgm_search.TestPostgresIndexingConfiguration" name="test_sqlite_skips_gin_index" time="0.001" /><testcase classname="tests.test_phase_b_services.TestUserContextService" name="test_empty_user_context" time="0.065" /><testcase classname="tests.test_phase_b_services.TestUserContextService" name="test_context_with_memory_facts" time="0.052" /><testcase classname="tests.test_phase_b_services.TestUserContextService" name="test_context_excludes_inactive_facts" time="0.050" /><testcase classname="tests.test_phase_b_services.TestUserContextService" name="test_build_context_prompt_empty" time="0.045" /><testcase classname="tests.test_phase_b_services.TestUserContextService" name="test_build_context_prompt_with_data" time="0.057" /><testcase classname="tests.test_phase_b_services.TestUserMemoryService" name="test_get_user_memory_empty" time="0.035" /><testcase classname="tests.test_phase_b_services.TestUserMemoryService" name="test_get_user_memory_with_filter" time="0.038" /><testcase classname="tests.test_phase_b_services.TestUserMemoryService" name="test_update_memory_feedback_positive" time="0.045" /><testcase classname="tests.test_phase_b_services.TestUserMemoryService" name="test_update_memory_feedback_negative_disables" time="0.039" /><testcase classname="tests.test_phase_b_services.TestUserMemoryService" name="test_add_user_provided_fact_overrides_existing" time="0.040" /><testcase classname="tests.test_phase_b_services.TestUserMemoryService" name="test_delete_memory_fact" time="0.042" /><testcase classname="tests.test_phase_b_services.TestUserMemoryService" name="test_extract_memory_facts_empty_messages" time="0.038" /><testcase classname="tests.test_phase_b_services.TestUserMemoryService" name="test_extract_memory_facts_with_mock_llm" time="0.042" /><testcase classname="tests.test_phase_b_services.TestUserMemoryService" name="test_extract_memory_facts_overwrites_same_key" time="0.041" /><testcase classname="tests.test_phase_b_services.TestOnboardingService" name="test_create_onboarding_new" time="0.041" /><testcase classname="tests.test_phase_b_services.TestOnboardingService" name="test_create_onboarding_updates_existing" time="0.042" /><testcase classname="tests.test_phase_b_services.TestOnboardingService" name="test_is_onboarding_completed" time="0.040" /><testcase classname="tests.test_phase_b_services.TestOnboardingService" name="test_skip_onboarding_creates_record" time="0.039" /><testcase classname="tests.test_phase_b_services.TestOnboardingService" name="test_get_onboarding_returns_latest" time="0.038" /><testcase classname="tests.test_phase_b_services.TestOnboardingService" name="test_generate_diagnosis_success" time="0.047" /><testcase classname="tests.test_phase_b_services.TestOnboardingService" name="test_generate_diagnosis_invalid_json_fallback" time="0.051" /><testcase classname="tests.test_phase_b_services.TestDecisionPulseService" name="test_pulse_overview_empty" time="0.055" /><testcase classname="tests.test_phase_b_services.TestDecisionPulseService" name="test_pulse_overview_with_data" time="0.055" /><testcase classname="tests.test_phase_b_services.TestDecisionPulseService" name="test_get_active_decisions" time="0.043" /><testcase classname="tests.test_phase_b_services.TestDecisionPulseService" name="test_get_review_queue_overdue" time="0.038" /><testcase classname="tests.test_phase_b_services.TestDecisionPulseService" name="test_get_dark_knowledge_feed" time="0.040" /><testcase classname="tests.test_phase_b_services.TestDecisionPulseService" name="test_get_full_pulse" time="0.050" /><testcase classname="tests.test_phase_b_services.TestDarkKnowledgePushService" name="test_push_for_user_no_candidates" time="0.052" /><testcase classname="tests.test_phase_b_services.TestDarkKnowledgePushService" name="test_push_for_user_creates_logs" time="0.048" /><testcase classname="tests.test_phase_b_services.TestDarkKnowledgePushService" name="test_push_for_user_dedup" time="0.041" /><testcase classname="tests.test_phase_b_services.TestDarkKnowledgePushService" name="test_push_for_decision" time="0.043" /><testcase classname="tests.test_phase_b_services.TestDarkKnowledgePushService" name="test_mark_read" time="0.043" /><testcase classname="tests.test_phase_b_services.TestDarkKnowledgePushService" name="test_record_feedback" time="0.042" /><testcase classname="tests.test_phase_b_services.TestDarkKnowledgePushService" name="test_get_unread_count" time="0.040" /><testcase 
[...]
assname="tests.test_research_crawlers.TestBilibiliResearchCrawler" name="test_parse_strips_html_tags" time="0.001" /><testcase classname="tests.test_research_crawlers.TestBilibiliResearchCrawler" name="test_fetch_handles_api_error" time="0.001" /><testcase classname="tests.test_research_crawlers.TestWebArticleCrawler" name="test_fetch_and_parse_extracts_title_content_source_url" time="0.001" /><testcase classname="tests.test_research_crawlers.TestWebArticleCrawler" name="test_parse_failed_status" time="0.001" /><testcase classname="tests.test_research_crawlers.TestRssNewsCrawler" name="test_parse_and_dedup" time="0.051" /><testcase classname="tests.test_research_crawlers.TestRssNewsCrawler" name="test_keyword_filter" time="0.002" /><testcase classname="tests.test_research_crawlers.TestResearchTransformer" name="test_transform_bilibili_payload_structure" time="0.001" /><testcase classname="tests.test_research_crawlers.TestResearchTransformer" name="test_transform_web_payload_structure" time="0.001" /><testcase classname="tests.test_research_crawlers.TestResearchTransformer" name="test_transform_rss_payload_structure" time="0.002" /><testcase classname="tests.test_research_crawlers.TestResearchTransformer" name="test_ad_filtering" time="0.001" /><testcase classname="tests.test_research_crawlers.TestResearchTransformer" name="test_tag_extraction" time="0.001" /><testcase classname="tests.test_research_crawlers.TestResearchTransformer" name="test_dedup_by_url" time="0.001" /><testcase classname="tests.test_retrospectives" name="test_create_retrospective" time="0.395" /><testcase classname="tests.test_retrospectives" name="test_list_retrospectives" time="0.440" /><testcase classname="tests.test_retrospectives" name="test_retrospective_draft" time="0.418" /><testcase classname="tests.test_retrospectives" name="test_update_retrospective" time="0.409" /><testcase classname="tests.test_retrospectives" name="test_ai_draft_requires_auth" time="0.045" /><testcase classname="tests.test_retrospectives" name="test_ai_draft_no_llm_key_returns_503" time="0.409" /><testcase classname="tests.test_retrospectives" name="test_ai_draft_success_with_mock" time="0.399" /><testcase classname="tests.test_retrospectives" name="test_ai_draft_empty_period_still_works" time="0.412" /><testcase classname="tests.test_retrospectives" name="test_ai_draft_timeout_returns_504" time="0.416" /><testcase classname="tests.test_scheduler_config.TestBuildSchedulerJobstore" name="test_no_redis_url_returns_memory_jobstore" time="0.001" /><testcase classname="tests.test_scheduler_config.TestBuildSchedulerJobstore" name="test_empty_redis_url_returns_memory_jobstore" time="0.001" /><testcase classname="tests.test_scheduler_config.TestBuildSchedulerJobstore" name="test_redis_url_returns_redis_jobstore" time="0.010" /><testcase classname="tests.test_scheduler_config.TestBuildSchedulerJobstore" name="test_redis_unavailable_falls_back_to_memory" time="0.002" /><testcase classname="tests.test_scheduler_config.TestBuildSchedulerJobstore" name="test_redis_url_with_custom_db_and_port" time="0.001" /><testcase classname="tests.test_scheduler_config.TestBuildSchedulerJobstore" name="test_redis_url_default_port_when_not_specified" time="0.001" /><testcase classname="tests.test_scheduler_config.TestBuildSchedulerJobstore" name="test_redis_url_default_db_when_not_specified" time="0.001" /><testcase classname="tests.test_scheduler_config.TestLimiterStorageFallback" name="test_limiter_uses_memory_storage_in_test_env" time="0.001" /><testcase classname="tests.test_scheduler_config.TestLimiterStorageFallback" name="test_limiter_has_reset_method" time="0.001" /><testcase classname="tests.test_skills" name="test_salary_negotiation_skill" time="0.001" /><testcase classname="tests.test_skills" name="test_find_salary_negotiation" time="0.001" /><testcase classname="tests.test_skills.TestIndustryAnalyzerActivate" name="test_activate_hang_ye_fen_xi" time="0.001" /><testcase classname="tests.test_skills.TestIndustryAnalyzerActivate" name="test_activate_hang_ye_qushi" time="0.001" /><testcase classname="tests.test_skills.TestIndustryAnalyzerActivate" name="test_activate_hang_ye_qianjing" time="0.001" /><testcase classname="tests.test_skills.TestIndustryAnalyzerActivate" name="test_activate_industry" time="0.001" /><testcase classname="tests.test_skills.TestIndustryAnalyzerActivate" name="test_activate_hang_ye_fen_xi_qi" time="0.001" /><testcase classname="tests.test_skills.TestIndustryAnalyzerActivate" name="test_not_activate_other" time="0.001" /><testcase classname="tests.test_skills.TestIndustryAnalyzerActivate" name="test_not_activate_plain" time="0.001" /><testcase classname="tests.test_skills.TestIndustryAnalyzerActivate" name="test_metadata" time="0.001" /><testcase classname="tests.test_skills.TestIndustryAnalyzerParse" name="test_parse_valid_json" time="0.001" /><testcase classname="tests.test_skills.TestIndustryAnalyzerParse" name="test_parse_invalid_json" time="0.001" /><testcase classname="tests.test_skills.TestIndustryAnalyzerParse" name="test_parse_markdown_code_block" time="0.001" /><testcase classname="tests.test_skills.TestRegistryIndustryAnalyzer" name="test_find_industry_analyzer" time="0.001" /><testcase classname="tests.test_skills.TestRegistryIndustryAnalyzer" name="test_find_industry_trend" time="0.001" /><testcase classname="tests.test_skills.TestRegistryIndustryAnalyzer" name="test_list_skills_includes_industry_analyzer" time="0.001" /><testcase classname="tests.test_skills" name="test_interview_coach_skill" time="0.001" /><testcase classname="tests.test_skills" name="test_interview_coach_parse_json" time="0.001" /><testcase classname="tests.test_skills" name="test_find_interview_coach" time="0.001" /><testcase classname="tests.test_skills" name="test_resume_optimizer_skill" time="0.001" /><testcase classname="tests.test_skills" name="test_resume_optimizer_parse_json" time="0.001" /><testcase classname="tests.test_skills" name="test_find_resume_optimizer" time="0.001" /><testcase classname="tests.test_skills.TestCompanyReviewActivate" name="test_activate_gongsi_pingjia" time="0.001" /><testcase classname="tests.test_skills.TestCompanyReviewActivate" name="test_activate_gongsi_koubei" time="0.001" /><testcase classname="tests.test_skills.TestCompanyReviewActivate" name="test_activate_gongsi_zenmeyang" time="0.001" /><testcase classname="tests.test_skills.TestCompanyReviewActivate" name="test_activate_company_review" time="0.001" /><testcase classname="tests.test_skills.TestCompanyReviewActivate" name="test_activate_gongzuo_tiyan" time="0.001" /><testcase classname="tests.test_skills.TestCompanyReviewActivate" name="test_not_activate_other" time="0.001" /><testcase classname="tests.test_skills.TestCompanyReviewActivate" name="test_not_activate_plain" time="0.001" /><testcase classname="tests.test_skills.TestCompanyReviewActivate" name="test_metadata" time="0.001" /><testcase classname="tests.test_skills.TestCompanyReviewParse" name="test_parse_valid_json" time="0.001" /><testcase classname="tests.test_skills.TestCompanyReviewParse" name="test_parse_invalid_json" time="0.001" /><testcase classname="tests.test_skills.TestCompanyReviewParse" name="test_parse_markdown_code_block" time="0.001" /><testcase classname="tests.test_skills.TestCompanyReviewParse" name="test_parse_fallback_on_malformed" time="0.001" /><testcase classname="tests.test_skills.TestRegistryCompanyReview" name="test_find_company_review" time="0.001" /><testcase classname="tests.test_skills.TestRegistryCompanyReview" name="test_find_gongsi_koubei" time="0.006" /><testcase classname="tests.test_skills.TestRegistryCompanyReview" name="test_list_skills_includes_company_review" time="0.001" /><testcase classname="tests.test_skills" name="test_salary_benchmark_skill" time="0.001" /><testcase classname="tests.test_skills" name="test_salary_benchmark_parse_json" time="0.001" /><testcase classname="tests.test_skills" name="test_find_salary_benchmark" time="0.001" /><testcase classname="tests.test_skills.TestUserReferralActivate" name="test_activate_tuijian_pengyou" time="0.001" /><testcase classname="tests.test_skills.TestUserReferralActivate" name="test_activate_yaoqing_haoyou" time="0.001" /><testcase classname="tests.test_skills.TestUserReferralActivate" name="test_activate_tuijian_lianjie" time="0.001" /><testcase classname="tests.test_skills.TestUserReferralActivate" name="test_activate_user_referral" time="0.001" /><testcase classname="tests.test_skills.TestUserReferralActivate" name="test_activate_yaoqing_zhuce" time="0.001" /><testcase classname="tests.test_skills.TestUserReferralActivate" name="test_not_activate_other" time="0.001" /><testcase classname="tests.test_skills.TestUserReferralActivate" name="test_not_activate_plain" time="0.001" /><testcase classname="tests.test_skills.TestUserReferralActivate" name="test_metadata" time="0.001" /><testcase classname="tests.test_skills.TestUserReferralParse" name="test_parse_valid_json" time="0.001" /><testcase classname="tests.test_skills.TestUserReferralParse" name="test_parse_invalid_json" time="0.001" /><testcase classname="tests.test_skills.TestUserReferralParse" name="test_parse_markdown_code_block" time="0.001" /><testcase classname="tests.test_skills.TestUserReferralParse" name="test_parse_fallback_on_malformed" time="0.001" /><testcase classname="tests.test_skills.TestRegistryUserReferral" name="test_find_user_referral" time="0.001" /><testcase classname="tests.test_skills.TestRegistryUserReferral" name="test_find_tuijian_lianjie" time="0.001" /><testcase classname="tests.test_skills.TestRegistryUserReferral" name="test_list_skills_includes_user_referral" time="0.001" /><testcase classname="tests.test_skills.TestRegistryUserReferral" name="test_get_skill_metadata" time="0.001" /><testcase classname="tests.test_user_cache.TestGetCurrentUserCache" name="test_cache_miss_hits_db_and_writes_cache" time="0.390" /><testcase classname="tests.test_user_cache.TestGetCurrentUserCache" name="test_cache_hit_skips_db" time="0.413" /><testcase classname="tests.test_user_cache.TestGetCurrentUserCache" name="test_invalid_token_does_not_write_cache" time="0.049" /><testcase classname="tests.test_user_cache.TestGetCurrentUserCache" name="test_redis_unavailable_falls_back_to_db" time="0.406" /><testcase classname="tests.test_user_cache.TestGetCurrentUserCache" name="test_cache_set_failure_does_not_block_request" time="0.389" /><testcase classname="tests.test_user_cache.TestBuildUserContextCache" name="test_cache_miss_hits_db_and_writes_cache" time="0.050" /><testcase classname="tests.test_user_cache.TestBuildUserContextCache" name="test_cache_hit_skips_db" time="0.044" /><testcase classname="tests.test_user_cache.TestBuildUserContextCache" name="test_cache_hit_returns_same_string" time="0.042" /><testcase classname="tests.test_user_cache.TestBuildUserContextCache" name="test_cache_get_failure_falls_back_to_db" time="0.052" /><testcase classname="tests.test_user_cache.TestCacheInvalidation" name="test_event_create_invalidates_user_context_cache" time="0.044" /><testcase classname="tests.test_user_cache.TestCacheInvalidation" name="test_event_update_invalidates_user_context_cache" time="0.045" /><testcase classname="tests.test_user_cache.TestCacheInvalidation" name="test_event_delete_invalidates_user_context_cache" time="0.053" /><testcase classname="tests.test_user_cache.TestCacheInvalidation" name="test_change_password_invalidates_user_cache" time="0.736" /><testcase classname="tests.test_web_vitals.TestWebVitalsReportAPI" name="test_report_lcp_success" time="0.398" /><testcase classname="tests.test_web_vitals.TestWebVitalsReportAPI" name="test_report_all_five_metrics" time="0.424" /><testcase classname="tests.test_web_vitals.TestWebVitalsReportAPI" name="test_report_unauthorized" time="0.052" /><testcase classname="tests.test_web_vitals.TestWebVitalsReportAPI" name="test_report_invalid_metric_name" time="0.389" /><testcase classname="tests.test_web_vitals.TestWebVitalsReportAPI" name="test_report_invalid_rating" time="0.405" /><testcase classname="tests.test_web_vitals.TestWebVitalsReportAPI" name="test_report_missing_name" time="0.398" /><testcase classname="tests.test_web_vitals.TestWebVitalsReportAPI" name="test_report_missing_value" time="0.404" /><testcase classname="tests.test_web_vitals.TestWebVitalsReportAPI" name="test_report_missing_rating" time="0.416" /><testcase classname="tests.test_web_vitals.TestWebVitalsReportAPI" name="test_report_lowercase_name_normalized" time="0.413" /><testcase classname="tests.test_web_vitals.TestWebVitalsReportAPI" name="test_report_uppercase_rating_normalized" time="0.401" /><testcase classname="tests.test_web_vitals.TestWebVitalsReportAPI" name="test_report_persists_to_events_table" time="0.409" /><testcase classname="tests.test_web_vitals.TestWebVitalsReportAPI" name="test_report_field_too_long" time="0.412" /><testcase classname="tests.test_web_vitals.TestWebVitalsReportAPI" name="test_report_negative_value_accepted" time="0.423" /><testcase classname="tests.test_web_vitals.TestWebVitalsSummaryAPI" name="test_summary_empty" time="0.409" /><testcase classname="tests.test_web_vitals.TestWebVitalsSummaryAPI" name="test_summary_after_reports" time="0.417" /><testcase classname="tests.test_web_vitals.TestWebVitalsSummaryAPI" name="test_summary_filter_by_page" time="0.423" /><testcase classname="tests.test_web_vitals.TestWebVitalsSummaryAPI" name="test_summary_unauthorized" time="0.043" /><testcase classname="tests.test_web_vitals.TestWebVitalsSummaryAPI" name="test_summary_invalid_limit" time="0.416" /><testcase classname="tests.test_web_vitals.TestWebVitalsService" name="test_record_web_vital_persists_event" time="0.040"><failure message="AttributeError: 'NoneType' object has no attribute 'id'">E   AttributeError: 'NoneType' object has no attribute 'id'</failure></testcase><testcase classname="tests.test_web_vitals.TestWebVitalsService" name="test_record_web_vital_anonymous_user" time="0.037" /><testcase classname="tests.test_web_vitals.TestWebVitalsService" name="test_record_web_vital_invalid_name_raises" time="0.036" /><testcase classname="tests.test_web_vitals.TestWebVitalsService" name="test_record_web_vital_invalid_rating_raises" time="0.036" /><testcase classname="tests.test_web_vitals.TestWebVitalsService" name="test_record_web_vital_truncates_long_page" time="0.037" /><testcase classname="tests.test_web_vitals.TestWebVitalsService" name="test_record_web_vital_normalizes_case" time="0.039" /><testcase classname="tests.test_web_vitals.TestWebVitalsService" name="test_track_event_writes_generic_event" time="0.038"><failure message="AttributeError: 'NoneType' object has no attribute 'id'">E   AttributeError: 'NoneType' object has no attribute 'id'</failure></testcase><testcase classname="tests.test_web_vitals.TestWebVitalsService" name="test_track_page_view" time="0.044"><failure message="AttributeError: 'NoneType' object has no attribute 'id'">E   AttributeError: 'NoneType' object has no attribute 'id'</failure></testcase><testcase classname="tests.test_web_vitals.TestWebVitalsService" name="test_track_click" time="0.043"><failure message="AttributeError: 'NoneType' object has no attribute 'id'">E   AttributeError: 'NoneType' object has no attribute 'id'</failure></testcase><testcase classname="tests.test_web_vitals.TestWebVitalsService" name="test_track_event_long_event_type_truncated" time="0.038" /><testcase classname="tests.test_web_vitals.TestWebVitalsService" name="test_track_event_empty_session_normalized" time="0.038" /><testcase classname="tests.test_web_vitals.TestWebVitalsService" name="test_get_web_vitals_summary_empty" time="0.048" /><testcase classname="tests.test_web_vitals.TestWebVitalsService" name="test_get_web_vitals_summary_with_data" time="0.040"><failure message="assert 4000.0 == 2000.0">E   assert 4000.0 == 2000.0</failure></testcase><testcase classname="tests.test_web_vitals.TestWebVitalsService" name="test_get_web_vitals_summary_filter_by_session" time="0.040" /><testcase classname="tests.test_web_vitals.TestWebVitalsPrometheusIntegration" name="test_record_web_vital_updates_prometheus_counter" time="0.038" /><testcase classname="tests.test_web_vitals.TestWebVitalsPrometheusIntegration" name="test_record_web_vital_function_callable" time="0.001" /><testcase classname="tests.test_web_vitals.TestWebVitalsPrometheusIntegration" name="test_record_web_vital_unknown_metric_ignored" time="0.001" /><testcase classname="tests.test_web_vitals.TestWebVitalsConstants" name="test_allowed_vital_names" time="0.001" /><testcase classname="tests.test_web_vitals.TestWebVitalsConstants" name="test_allowed_ratings" time="0.001" /><testcase classname="tests.test_websocket_manager.TestPublishToRedis" name="test_broadcast_all_publishes_to_redis" time="0.004" /><testcase classname="tests.test_websocket_manager.TestPublishToRedis" name="test_broadcast_to_user_publishes_send_to_user" time="0.003" /><testcase classname="tests.test_websocket_manager.TestPublishToRedis" name="test_send_personal_uses_send_to_user_payload" time="0.002" /><testcase classname="tests.test_websocket_manager.TestPublishToRedis" name="test_notify_task_publishes_broadcast_with_task_channel" time="0.002" /><testcase classname="tests.test_websocket_manager.TestPublishToRedis" name="test_notify_task_with_empty_data" time="0.003" /><testcase classname="tests.test_websocket_manager.TestRedisFallback" name="test_publish_without_redis_dispatches_locally" time="0.002" /><testcase classname="tests.test_websocket_manager.TestRedisFallback" name="test_publish_falls_back_when_redis_publish_raises" time="0.003" /><testcase classname="tests.test_websocket_manager.TestRedisFallback" name="test_send_to_user_only_delivers_to_target_user" time="0.003" /><testcase classname="tests.test_websocket_manager.TestRedisFallback" name="test_broadcast_skips_failing_websocket" time="0.002" /><testcase classname="tests.test_websocket_manager.TestMessageFormat" name="test_broadcast_all_payload_format" time="0.002" /><testcase classname="tests.test_websocket_manager.TestMessageFormat" name="test_send_to_user_payload_format" time="0.002" /><testcase classname="tests.test_websocket_manager.TestMessageFormat" name="test_notify_task_payload_format" time="0.002" /><testcase classname="tests.test_websocket_manager.TestMessageFormat" name="test_publish_payload_is_json_serializable" time="0.002" /><testcase classname="tests.test_websocket_manager.TestDispatchLocal" name="test_dispatch_send_to_user" time="0.002" /><testcase classname="tests.test_websocket_manager.TestDispatchLocal" name="test_dispatch_broadcast_all" time="0.002" /><testcase classname="tests.test_websocket_manager.TestDispatchLocal" name="test_dispatch_broadcast_task_channel_routes_to_subscribers" time="0.002" /><testcase classname="tests.test_websocket_manager.TestDispatchLocal" name="test_dispatch_broadcast_without_task_channel_falls_back_to_all" time="0.002" /><testcase classname="tests.test_websocket_manager.TestDispatchLocal" name="test_dispatch_unknown_type_logs_warning" time="0.002" /><testcase classname="tests.test_websocket_manager.TestSubscribeLoop" name="test_subscribe_loop_without_redis_url_returns_immediately" time="0.002" /><testcase classname="tests.test_websocket_manager.TestSubscribeLoop" name="test_subscribe_loop_dispatches_received_messages" time="0.003" /><testcase classname="tests.test_websocket_manager.TestSubscribeLoop" name="test_subscribe_loop_retries_on_failure" time="0.003" /><testcase classname="tests.test_websocket_manager.TestNotifyTaskSync" name="test_with_main_loop_schedules_coroutine" time="0.001" /><testcase classname="tests.test_websocket_manager.TestNotifyTaskSync" name="test_without_main_loop_uses_asyncio_run" time="0.001" /><testcase classname="tests.test_websocket_manager.TestNotifyTaskSync" name="test_asyncio_run_failure_is_logged_not_raised" time="0.001" /></testsuite></testsuites>